Using pre-set license
Built from '2020.3/staging' branch; Version is '2020.3.3f1 (76626098c1c4) revision 7758432'; Using compiler version '192528614'; Build Type 'Release'
OS: 'Windows 10 Pro; OS build 19043.1237; Version 2009; 64bit' Language: 'en' Physical Memory: 12279 MB
BatchMode: 1, IsHumanControllingUs: 0, StartBugReporterOnCrash: 0, Is64bit: 1, IsPro: 0

 COMMAND LINE ARGUMENTS:
C:\UnityInstalls\Editor\2020.3.3f1\Editor\Unity.exe
-adb2
-batchMode
-noUpm
-name
AssetImportWorker0
-projectPath
E:/Git Projects/Test Tapper
-logFile
Logs/AssetImportWorker0.log
-srvPort
55945
Successfully changed project path to: E:/Git Projects/Test Tapper
E:/Git Projects/Test Tapper
Using Asset Import Pipeline V2.
Refreshing native plugins compatible for Editor in 105.76 ms, found 1 plugins.
Preloading 0 native plugins for Editor in 0.00 ms.
Initialize engine version: 2020.3.3f1 (76626098c1c4)
[Subsystems] Discovering subsystems at path C:/UnityInstalls/Editor/2020.3.3f1/Editor/Data/Resources/UnitySubsystems
[Subsystems] Discovering subsystems at path E:/Git Projects/Test Tapper/Assets
GfxDevice: creating device client; threaded=0
Direct3D:
    Version:  Direct3D 11.0 [level 11.1]
    Renderer: NVIDIA GeForce GTX 1660 Ti (ID=0x2182)
    Vendor:   
    VRAM:     5991 MB
    Driver:   30.0.14.7212
Initialize mono
Mono path[0] = 'C:/UnityInstalls/Editor/2020.3.3f1/Editor/Data/Managed'
Mono path[1] = 'C:/UnityInstalls/Editor/2020.3.3f1/Editor/Data/MonoBleedingEdge/lib/mono/unityjit'
Mono config path = 'C:/UnityInstalls/Editor/2020.3.3f1/Editor/Data/MonoBleedingEdge/etc'
Using monoOptions --debugger-agent=transport=dt_socket,embedding=1,server=y,suspend=n,address=127.0.0.1:56428
Begin MonoManager ReloadAssembly
Registering precompiled unity dll's ...
Register platform support module: C:/UnityInstalls/Editor/2020.3.3f1/Editor/Data/PlaybackEngines/WindowsStandaloneSupport/UnityEditor.WindowsStandalone.Extensions.dll
Registered in 0.003850 seconds.
Native extension for WindowsStandalone target not found
Refreshing native plugins compatible for Editor in 76.19 ms, found 1 plugins.
Preloading 0 native plugins for Editor in 0.00 ms.
Invoked RoslynAnalysisRunner static constructor.
RoslynAnalysisRunner will not be running.
RoslynAnalysisRunner has terminated.
Mono: successfully reloaded assembly
- Completed reload, in  4.512 seconds
Platform modules already initialized, skipping
Registering precompiled user dll's ...
Registered in 0.001122 seconds.
Begin MonoManager ReloadAssembly
Native extension for WindowsStandalone target not found
Refreshing native plugins compatible for Editor in 88.24 ms, found 1 plugins.
Preloading 0 native plugins for Editor in 0.00 ms.
Invoked RoslynAnalysisRunner static constructor.
RoslynAnalysisRunner will not be running.
RoslynAnalysisRunner has terminated.
Mono: successfully reloaded assembly
- Completed reload, in  2.217 seconds
Platform modules already initialized, skipping
========================================================================
Worker process is ready to serve import requests
Launched and connected shader compiler UnityShaderCompiler.exe after 0.07 seconds
Refreshing native plugins compatible for Editor in 0.76 ms, found 1 plugins.
Preloading 0 native plugins for Editor in 0.00 ms.
Unloading 1940 Unused Serialized files (Serialized files now loaded: 0)
System memory in use before: 90.2 MB.
System memory in use after: 90.3 MB.

Unloading 32 unused Assets to reduce memory usage. Loaded Objects now: 2374.
Total: 3.118700 ms (FindLiveObjects: 0.279700 ms CreateObjectMapping: 0.114400 ms MarkObjects: 2.617900 ms  DeleteObjects: 0.104700 ms)

========================================================================
Received Import Request.
  path: Assets/_Tapper Files/Scenes/Balloon Blow.unity
  artifactKey: Guid(2cda990e2423bbf4892e6590ba056729) Importer(815301076,1909f56bfc062723c751e8b465ee728b)
Start importing Assets/_Tapper Files/Scenes/Balloon Blow.unity using Guid(2cda990e2423bbf4892e6590ba056729) Importer(815301076,1909f56bfc062723c751e8b465ee728b)  -> (artifact id: '832989893ee0c4c321d88b8b5cdb6a47') in 0.038165 seconds
  Import took 0.042400 seconds .

========================================================================
Received Prepare
Registering precompiled user dll's ...
Registered in 0.001828 seconds.
Begin MonoManager ReloadAssembly
Native extension for WindowsStandalone target not found
Refreshing native plugins compatible for Editor in 1.18 ms, found 1 plugins.
Preloading 0 native plugins for Editor in 0.00 ms.
Invoked RoslynAnalysisRunner static constructor.
RoslynAnalysisRunner will not be running.
RoslynAnalysisRunner has terminated.
Mono: successfully reloaded assembly
- Completed reload, in  1.822 seconds
Platform modules already initialized, skipping
Switching build target platform(5) subTarget(0) extendedPlatform(0) -> platform(13) subTarget(537395200) extendedPlatform(0)
Refreshing native plugins compatible for Editor in 0.85 ms, found 1 plugins.
Preloading 0 native plugins for Editor in 0.00 ms.
Unloading 1921 Unused Serialized files (Serialized files now loaded: 0)
System memory in use before: 88.3 MB.
System memory in use after: 88.4 MB.

Unloading 20 unused Assets to reduce memory usage. Loaded Objects now: 2378.
Total: 3.009500 ms (FindLiveObjects: 0.268000 ms CreateObjectMapping: 0.112800 ms MarkObjects: 2.601900 ms  DeleteObjects: 0.025100 ms)

AssetImportParameters requested are different than current active one (requested -> active):
  custom:graphics/normal-map-encoding: 01000000000000000000000000000000 -> 02000000000000000000000000000000
========================================================================
Received Prepare
Refreshing native plugins compatible for Editor in 6.36 ms, found 1 plugins.
Preloading 0 native plugins for Editor in 0.00 ms.
Unloading 18 Unused Serialized files (Serialized files now loaded: 0)
System memory in use before: 50.7 MB.
System memory in use after: 50.8 MB.

Unloading 18 unused Assets to reduce memory usage. Loaded Objects now: 2378.
Total: 3.223000 ms (FindLiveObjects: 0.453900 ms CreateObjectMapping: 0.138200 ms MarkObjects: 2.603200 ms  DeleteObjects: 0.025100 ms)

========================================================================
Received Prepare
Refreshing native plugins compatible for Editor in 6.08 ms, found 1 plugins.
Preloading 0 native plugins for Editor in 0.00 ms.
Unloading 18 Unused Serialized files (Serialized files now loaded: 0)
System memory in use before: 50.7 MB.
System memory in use after: 50.8 MB.

Unloading 18 unused Assets to reduce memory usage. Loaded Objects now: 2378.
Total: 2.967200 ms (FindLiveObjects: 0.279000 ms CreateObjectMapping: 0.114600 ms MarkObjects: 2.550200 ms  DeleteObjects: 0.021600 ms)

========================================================================
Received Prepare
Refreshing native plugins compatible for Editor in 6.89 ms, found 1 plugins.
Preloading 0 native plugins for Editor in 0.00 ms.
Unloading 18 Unused Serialized files (Serialized files now loaded: 0)
System memory in use before: 50.7 MB.
System memory in use after: 50.8 MB.

Unloading 18 unused Assets to reduce memory usage. Loaded Objects now: 2378.
Total: 3.545800 ms (FindLiveObjects: 0.270300 ms CreateObjectMapping: 0.112600 ms MarkObjects: 3.139900 ms  DeleteObjects: 0.021700 ms)

========================================================================
Received Import Request.
  Time since last request: 472.674785 seconds.
  path: Assets/Example Games
  artifactKey: Guid(ac74258f34a35d74686d964a21179727) Importer(815301076,1909f56bfc062723c751e8b465ee728b)
Start importing Assets/Example Games using Guid(ac74258f34a35d74686d964a21179727) Importer(815301076,1909f56bfc062723c751e8b465ee728b)  -> (artifact id: 'ad1d47c9232715a1d869cffd0bfb23c8') in 0.010319 seconds
  Import took 0.014983 seconds .

========================================================================
Received Import Request.
  Time since last request: 0.012275 seconds.
  path: Assets/Example Games
  artifactKey: Guid(ac74258f34a35d74686d964a21179727) Importer(815301076,1909f56bfc062723c751e8b465ee728b)
Start importing Assets/Example Games using Guid(ac74258f34a35d74686d964a21179727) Importer(815301076,1909f56bfc062723c751e8b465ee728b)  -> (artifact id: 'ad1d47c9232715a1d869cffd0bfb23c8') in 0.002200 seconds
  Import took 0.006333 seconds .

========================================================================
Received Import Request.
  Time since last request: 3.094546 seconds.
  path: Assets/Example Games/2D Scrolling Shooter
  artifactKey: Guid(40bfb23574d023243bd2d2847a4e5b83) Importer(815301076,1909f56bfc062723c751e8b465ee728b)
Start importing Assets/Example Games/2D Scrolling Shooter using Guid(40bfb23574d023243bd2d2847a4e5b83) Importer(815301076,1909f56bfc062723c751e8b465ee728b)  -> (artifact id: '75f00651edd8e01d6fb4eae614b55dec') in 0.008194 seconds
  Import took 0.012691 seconds .

========================================================================
Received Import Request.
  Time since last request: 19.955272 seconds.
  path: Assets/Example Games/2D Scrolling Shooter/Sounds/BackgroundMusic/BackgroundMusic.mp3
  artifactKey: Guid(8df99acf45c3c4685af3936cf3ca74d8) Importer(815301076,1909f56bfc062723c751e8b465ee728b)
Start importing Assets/Example Games/2D Scrolling Shooter/Sounds/BackgroundMusic/BackgroundMusic.mp3 using Guid(8df99acf45c3c4685af3936cf3ca74d8) Importer(815301076,1909f56bfc062723c751e8b465ee728b)  -> (artifact id: '26c29443ce954e079581cb77b98f8ae5') in 0.193838 seconds
  Import took 0.198096 seconds .

========================================================================
Received Import Request.
  Time since last request: 13.372503 seconds.
  path: Assets/Example Games/2D Scrolling Shooter/Sounds/SoundEffects/Boom.wav
  artifactKey: Guid(cc7da5800bd3b4cb4b196ef674bee2e5) Importer(815301076,1909f56bfc062723c751e8b465ee728b)
Start importing Assets/Example Games/2D Scrolling Shooter/Sounds/SoundEffects/Boom.wav using Guid(cc7da5800bd3b4cb4b196ef674bee2e5) Importer(815301076,1909f56bfc062723c751e8b465ee728b)  -> (artifact id: '799797169d374ecc500a582b100f0ab3') in 0.019843 seconds
  Import took 0.024142 seconds .

========================================================================
Received Import Request.
  Time since last request: 4.282874 seconds.
  path: Assets/Example Games/2D Scrolling Shooter/Sounds/SoundEffects/Shoot.wav
  artifactKey: Guid(1743f0d445b86480b8ecfdbc8c84a5f9) Importer(815301076,1909f56bfc062723c751e8b465ee728b)
Start importing Assets/Example Games/2D Scrolling Shooter/Sounds/SoundEffects/Shoot.wav using Guid(1743f0d445b86480b8ecfdbc8c84a5f9) Importer(815301076,1909f56bfc062723c751e8b465ee728b)  -> (artifact id: '10937aff87b95642b5e9ca90dc795c12') in 0.016118 seconds
  Import took 0.020490 seconds .

========================================================================
Received Import Request.
  Time since last request: 6.999410 seconds.
  path: Assets/Example Games/2D Scrolling Shooter/Sprites/Bullet/RetroBullet.png
  artifactKey: Guid(9a0317eefd42740f0997b1c4587a47ff) Importer(815301076,1909f56bfc062723c751e8b465ee728b)
Start importing Assets/Example Games/2D Scrolling Shooter/Sprites/Bullet/RetroBullet.png using Guid(9a0317eefd42740f0997b1c4587a47ff) Importer(815301076,1909f56bfc062723c751e8b465ee728b)  -> (artifact id: '79d55ced58c2169726abda99c93ac9eb') in 0.071706 seconds
  Import took 0.076106 seconds .

========================================================================
Received Import Request.
  Time since last request: 0.022888 seconds.
  path: Assets/Example Games/2D Scrolling Shooter/Sprites/Bullet/RetroBullet.png
  artifactKey: Guid(9a0317eefd42740f0997b1c4587a47ff) Importer(815301076,1909f56bfc062723c751e8b465ee728b)
Start importing Assets/Example Games/2D Scrolling Shooter/Sprites/Bullet/RetroBullet.png using Guid(9a0317eefd42740f0997b1c4587a47ff) Importer(815301076,1909f56bfc062723c751e8b465ee728b)  -> (artifact id: '79d55ced58c2169726abda99c93ac9eb') in 0.012182 seconds
  Import took 0.016687 seconds .

========================================================================
Received Import Request.
  Time since last request: 5.338216 seconds.
  path: Assets/Example Games/2D Scrolling Shooter/Sprites/Explosion/RetroExplosion.png
  artifactKey: Guid(39797370c93ad4f58ad6959567c3406c) Importer(815301076,1909f56bfc062723c751e8b465ee728b)
Start importing Assets/Example Games/2D Scrolling Shooter/Sprites/Explosion/RetroExplosion.png using Guid(39797370c93ad4f58ad6959567c3406c) Importer(815301076,1909f56bfc062723c751e8b465ee728b)  -> (artifact id: '430e7a618e6fa956950c28454d2179a5') in 0.058979 seconds
  Import took 0.063925 seconds .

========================================================================
Received Import Request.
  Time since last request: 11.695165 seconds.
  path: Assets/Example Games/2D Scrolling Shooter/Sprites/Spaceship/RetroSpaceship.png
  artifactKey: Guid(bf3bdd2147b394bc2b771f2556f0b49d) Importer(815301076,1909f56bfc062723c751e8b465ee728b)
Start importing Assets/Example Games/2D Scrolling Shooter/Sprites/Spaceship/RetroSpaceship.png using Guid(bf3bdd2147b394bc2b771f2556f0b49d) Importer(815301076,1909f56bfc062723c751e8b465ee728b)  -> (artifact id: '488940043714909105397fc0ddff0d5e') in 0.078589 seconds
  Import took 0.083455 seconds .

AssetImportWorkerClient::OnTransportError - code=2 error=End of file
