
=== Fri Oct 15 13:55:48 2021

Packages were changed.
Update Mode: updateDependencies

The following packages were updated:
  com.unity.2d.animation from version 5.0.4 to 5.0.6
  com.unity.2d.psdimporter from version 4.0.2 to 4.1.0
  com.unity.2d.spriteshape from version 5.1.1 to 5.1.4
  com.unity.collab-proxy from version 1.3.9 to 1.11.2
  com.unity.ide.visualstudio from version 2.0.7 to 2.0.11
  com.unity.ide.vscode from version 1.2.3 to 1.2.4
  com.unity.mobile.android-logcat from version 1.2.1 to 1.2.3
  com.unity.mobile.notifications from version 1.3.2 to 1.4.2
  com.unity.test-framework from version 1.1.24 to 1.1.29
  com.unity.timeline from version 1.4.6 to 1.4.8

=== Sun Feb 27 11:44:02 2022

Packages were changed.
Update Mode: updateDependencies

The following packages were updated:
  com.unity.2d.animation from version 5.0.6 to 7.0.3
  com.unity.2d.pixel-perfect from version 4.0.1 to 5.0.1
  com.unity.2d.psdimporter from version 4.1.0 to 6.0.2
  com.unity.2d.spriteshape from version 5.1.4 to 7.0.3
  com.unity.collab-proxy from version 1.11.2 to 1.15.12
  com.unity.ide.rider from version 2.0.7 to 3.0.12
  com.unity.ide.visualstudio from version 2.0.11 to 2.0.14
  com.unity.ide.vscode from version 1.2.4 to 1.2.5
  com.unity.mobile.notifications from version 1.4.2 to 2.0.0
  com.unity.timeline from version 1.4.8 to 1.6.4

=== Fri May 31 10:00:49 2024

Packages were changed.
Update Mode: updateDependencies

The following packages were added:
  com.unity.ai.navigation@2.0.0
  com.unity.modules.accessibility@1.0.0
The following packages were updated:
  com.unity.2d.animation from version 7.0.3 to 10.1.0
  com.unity.2d.pixel-perfect from version 5.0.1 to 5.0.3
  com.unity.2d.psdimporter from version 6.0.2 to 9.0.1
  com.unity.2d.spriteshape from version 7.0.3 to 10.0.2
  com.unity.collab-proxy from version 1.15.12 to 2.2.0
  com.unity.ide.rider from version 3.0.12 to 3.0.27
  com.unity.ide.visualstudio from version 2.0.14 to 2.0.22
  com.unity.mobile.android-logcat from version 1.2.3 to 1.4.0
  com.unity.mobile.notifications from version 2.0.0 to 2.3.1
  com.unity.test-framework from version 1.1.29 to 1.3.9
  com.unity.timeline from version 1.6.4 to 1.8.6
  com.unity.ugui from version 1.0.0 to 2.0.0
The following packages were removed:
  com.unity.textmeshpro@3.0.6
